<?xml version="1.0" encoding="UTF-8"?>
<testsuite xmlns:xsi="http://www.w3.org/2001/XMLSchema-instance" xsi:noNamespaceSchemaLocation="https://maven.apache.org/surefire/maven-surefire-plugin/xsd/surefire-test-report-3.0.xsd" version="3.0" name="swag.RunCucumberTest" time="13.411" tests="3" errors="0" skipped="0" failures="2">
  <properties>
    <property name="java.specification.version" value="17"/>
    <property name="sun.cpu.isalist" value="amd64"/>
    <property name="sun.jnu.encoding" value="Cp1252"/>
    <property name="java.class.path" value="D:\KULIAH\SEMESTER6\Testing\Week 12 - 13\web-automation-testing\target\test-classes;D:\KULIAH\SEMESTER6\Testing\Week 12 - 13\web-automation-testing\target\classes;C:\Users\salsa\.m2\repository\io\cucumber\cucumber-java\6.11.0\cucumber-java-6.11.0.jar;C:\Users\salsa\.m2\repository\io\cucumber\cucumber-core\6.11.0\cucumber-core-6.11.0.jar;C:\Users\salsa\.m2\repository\io\cucumber\cucumber-gherkin\6.11.0\cucumber-gherkin-6.11.0.jar;C:\Users\salsa\.m2\repository\io\cucumber\cucumber-gherkin-messages\6.11.0\cucumber-gherkin-messages-6.11.0.jar;C:\Users\salsa\.m2\repository\io\cucumber\messages\15.0.0\messages-15.0.0.jar;C:\Users\salsa\.m2\repository\io\cucumber\tag-expressions\3.0.1\tag-expressions-3.0.1.jar;C:\Users\salsa\.m2\repository\io\cucumber\cucumber-expressions\10.3.0\cucumber-expressions-10.3.0.jar;C:\Users\salsa\.m2\repository\io\cucumber\datatable\3.5.0\datatable-3.5.0.jar;C:\Users\salsa\.m2\repository\io\cucumber\cucumber-plugin\6.11.0\cucumber-plugin-6.11.0.jar;C:\Users\salsa\.m2\repository\io\cucumber\docstring\6.11.0\docstring-6.11.0.jar;C:\Users\salsa\.m2\repository\io\cucumber\html-formatter\13.0.0\html-formatter-13.0.0.jar;C:\Users\salsa\.m2\repository\io\cucumber\create-meta\4.0.0\create-meta-4.0.0.jar;C:\Users\salsa\.m2\repository\org\apiguardian\apiguardian-api\1.1.2\apiguardian-api-1.1.2.jar;C:\Users\salsa\.m2\repository\io\cucumber\cucumber-junit\6.11.0\cucumber-junit-6.11.0.jar;C:\Users\salsa\.m2\repository\org\seleniumhq\selenium\selenium-java\3.141.59\selenium-java-3.141.59.jar;C:\Users\salsa\.m2\repository\org\seleniumhq\selenium\selenium-api\3.141.59\selenium-api-3.141.59.jar;C:\Users\salsa\.m2\repository\org\seleniumhq\selenium\selenium-chrome-driver\3.141.59\selenium-chrome-driver-3.141.59.jar;C:\Users\salsa\.m2\repository\org\seleniumhq\selenium\selenium-edge-driver\3.141.59\selenium-edge-driver-3.141.59.jar;C:\Users\salsa\.m2\repository\org\seleniumhq\selenium\selenium-firefox-driver\3.141.59\selenium-firefox-driver-3.141.59.jar;C:\Users\salsa\.m2\repository\org\seleniumhq\selenium\selenium-ie-driver\3.141.59\selenium-ie-driver-3.141.59.jar;C:\Users\salsa\.m2\repository\org\seleniumhq\selenium\selenium-opera-driver\3.141.59\selenium-opera-driver-3.141.59.jar;C:\Users\salsa\.m2\repository\org\seleniumhq\selenium\selenium-remote-driver\3.141.59\selenium-remote-driver-3.141.59.jar;C:\Users\salsa\.m2\repository\org\seleniumhq\selenium\selenium-safari-driver\3.141.59\selenium-safari-driver-3.141.59.jar;C:\Users\salsa\.m2\repository\org\seleniumhq\selenium\selenium-support\3.141.59\selenium-support-3.141.59.jar;C:\Users\salsa\.m2\repository\net\bytebuddy\byte-buddy\1.8.15\byte-buddy-1.8.15.jar;C:\Users\salsa\.m2\repository\org\apache\commons\commons-exec\1.3\commons-exec-1.3.jar;C:\Users\salsa\.m2\repository\com\google\guava\guava\25.0-jre\guava-25.0-jre.jar;C:\Users\salsa\.m2\repository\com\google\code\findbugs\jsr305\1.3.9\jsr305-1.3.9.jar;C:\Users\salsa\.m2\repository\org\checkerframework\checker-compat-qual\2.0.0\checker-compat-qual-2.0.0.jar;C:\Users\salsa\.m2\repository\com\google\errorprone\error_prone_annotations\2.1.3\error_prone_annotations-2.1.3.jar;C:\Users\salsa\.m2\repository\com\google\j2objc\j2objc-annotations\1.1\j2objc-annotations-1.1.jar;C:\Users\salsa\.m2\repository\org\codehaus\mojo\animal-sniffer-annotations\1.14\animal-sniffer-annotations-1.14.jar;C:\Users\salsa\.m2\repository\com\squareup\okhttp3\okhttp\3.11.0\okhttp-3.11.0.jar;C:\Users\salsa\.m2\repository\com\squareup\okio\okio\1.14.0\okio-1.14.0.jar;C:\Users\salsa\.m2\repository\junit\junit\4.12\junit-4.12.jar;C:\Users\salsa\.m2\repository\org\hamcrest\hamcrest-core\1.3\hamcrest-core-1.3.jar;"/>
    <property name="java.vm.vendor" value="Oracle Corporation"/>
    <property name="sun.arch.data.model" value="64"/>
    <property name="user.variant" value=""/>
    <property name="java.vendor.url" value="https://java.oracle.com/"/>
    <property name="user.timezone" value="Asia/Bangkok"/>
    <property name="os.name" value="Windows 11"/>
    <property name="java.vm.specification.version" value="17"/>
    <property name="sun.java.launcher" value="SUN_STANDARD"/>
    <property name="user.country" value="US"/>
    <property name="sun.boot.library.path" value="E:\jdk-17\bin"/>
    <property name="sun.java.command" value="C:\Users\salsa\AppData\Local\Temp\surefire16209214491230703852\surefirebooter-20240512194235610_3.jar C:\Users\salsa\AppData\Local\Temp\surefire16209214491230703852 2024-05-12T19-42-35_448-jvmRun1 surefire-20240512194235610_1tmp surefire_0-20240512194235610_2tmp"/>
    <property name="jdk.debug" value="release"/>
    <property name="surefire.test.class.path" value="D:\KULIAH\SEMESTER6\Testing\Week 12 - 13\web-automation-testing\target\test-classes;D:\KULIAH\SEMESTER6\Testing\Week 12 - 13\web-automation-testing\target\classes;C:\Users\salsa\.m2\repository\io\cucumber\cucumber-java\6.11.0\cucumber-java-6.11.0.jar;C:\Users\salsa\.m2\repository\io\cucumber\cucumber-core\6.11.0\cucumber-core-6.11.0.jar;C:\Users\salsa\.m2\repository\io\cucumber\cucumber-gherkin\6.11.0\cucumber-gherkin-6.11.0.jar;C:\Users\salsa\.m2\repository\io\cucumber\cucumber-gherkin-messages\6.11.0\cucumber-gherkin-messages-6.11.0.jar;C:\Users\salsa\.m2\repository\io\cucumber\messages\15.0.0\messages-15.0.0.jar;C:\Users\salsa\.m2\repository\io\cucumber\tag-expressions\3.0.1\tag-expressions-3.0.1.jar;C:\Users\salsa\.m2\repository\io\cucumber\cucumber-expressions\10.3.0\cucumber-expressions-10.3.0.jar;C:\Users\salsa\.m2\repository\io\cucumber\datatable\3.5.0\datatable-3.5.0.jar;C:\Users\salsa\.m2\repository\io\cucumber\cucumber-plugin\6.11.0\cucumber-plugin-6.11.0.jar;C:\Users\salsa\.m2\repository\io\cucumber\docstring\6.11.0\docstring-6.11.0.jar;C:\Users\salsa\.m2\repository\io\cucumber\html-formatter\13.0.0\html-formatter-13.0.0.jar;C:\Users\salsa\.m2\repository\io\cucumber\create-meta\4.0.0\create-meta-4.0.0.jar;C:\Users\salsa\.m2\repository\org\apiguardian\apiguardian-api\1.1.2\apiguardian-api-1.1.2.jar;C:\Users\salsa\.m2\repository\io\cucumber\cucumber-junit\6.11.0\cucumber-junit-6.11.0.jar;C:\Users\salsa\.m2\repository\org\seleniumhq\selenium\selenium-java\3.141.59\selenium-java-3.141.59.jar;C:\Users\salsa\.m2\repository\org\seleniumhq\selenium\selenium-api\3.141.59\selenium-api-3.141.59.jar;C:\Users\salsa\.m2\repository\org\seleniumhq\selenium\selenium-chrome-driver\3.141.59\selenium-chrome-driver-3.141.59.jar;C:\Users\salsa\.m2\repository\org\seleniumhq\selenium\selenium-edge-driver\3.141.59\selenium-edge-driver-3.141.59.jar;C:\Users\salsa\.m2\repository\org\seleniumhq\selenium\selenium-firefox-driver\3.141.59\selenium-firefox-driver-3.141.59.jar;C:\Users\salsa\.m2\repository\org\seleniumhq\selenium\selenium-ie-driver\3.141.59\selenium-ie-driver-3.141.59.jar;C:\Users\salsa\.m2\repository\org\seleniumhq\selenium\selenium-opera-driver\3.141.59\selenium-opera-driver-3.141.59.jar;C:\Users\salsa\.m2\repository\org\seleniumhq\selenium\selenium-remote-driver\3.141.59\selenium-remote-driver-3.141.59.jar;C:\Users\salsa\.m2\repository\org\seleniumhq\selenium\selenium-safari-driver\3.141.59\selenium-safari-driver-3.141.59.jar;C:\Users\salsa\.m2\repository\org\seleniumhq\selenium\selenium-support\3.141.59\selenium-support-3.141.59.jar;C:\Users\salsa\.m2\repository\net\bytebuddy\byte-buddy\1.8.15\byte-buddy-1.8.15.jar;C:\Users\salsa\.m2\repository\org\apache\commons\commons-exec\1.3\commons-exec-1.3.jar;C:\Users\salsa\.m2\repository\com\google\guava\guava\25.0-jre\guava-25.0-jre.jar;C:\Users\salsa\.m2\repository\com\google\code\findbugs\jsr305\1.3.9\jsr305-1.3.9.jar;C:\Users\salsa\.m2\repository\org\checkerframework\checker-compat-qual\2.0.0\checker-compat-qual-2.0.0.jar;C:\Users\salsa\.m2\repository\com\google\errorprone\error_prone_annotations\2.1.3\error_prone_annotations-2.1.3.jar;C:\Users\salsa\.m2\repository\com\google\j2objc\j2objc-annotations\1.1\j2objc-annotations-1.1.jar;C:\Users\salsa\.m2\repository\org\codehaus\mojo\animal-sniffer-annotations\1.14\animal-sniffer-annotations-1.14.jar;C:\Users\salsa\.m2\repository\com\squareup\okhttp3\okhttp\3.11.0\okhttp-3.11.0.jar;C:\Users\salsa\.m2\repository\com\squareup\okio\okio\1.14.0\okio-1.14.0.jar;C:\Users\salsa\.m2\repository\junit\junit\4.12\junit-4.12.jar;C:\Users\salsa\.m2\repository\org\hamcrest\hamcrest-core\1.3\hamcrest-core-1.3.jar;"/>
    <property name="sun.cpu.endian" value="little"/>
    <property name="user.home" value="C:\Users\salsa"/>
    <property name="user.language" value="en"/>
    <property name="java.specification.vendor" value="Oracle Corporation"/>
    <property name="java.version.date" value="2024-01-16"/>
    <property name="java.home" value="E:\jdk-17"/>
    <property name="file.separator" value="\"/>
    <property name="basedir" value="D:\KULIAH\SEMESTER6\Testing\Week 12 - 13\web-automation-testing"/>
    <property name="java.vm.compressedOopsMode" value="Zero based"/>
    <property name="line.separator" value="&#10;"/>
    <property name="java.vm.specification.vendor" value="Oracle Corporation"/>
    <property name="java.specification.name" value="Java Platform API Specification"/>
    <property name="surefire.real.class.path" value="C:\Users\salsa\AppData\Local\Temp\surefire16209214491230703852\surefirebooter-20240512194235610_3.jar"/>
    <property name="user.script" value=""/>
    <property name="sun.management.compiler" value="HotSpot 64-Bit Tiered Compilers"/>
    <property name="java.runtime.version" value="17.0.10+11-LTS-240"/>
    <property name="user.name" value="Tata"/>
    <property name="path.separator" value=";"/>
    <property name="os.version" value="10.0"/>
    <property name="java.runtime.name" value="Java(TM) SE Runtime Environment"/>
    <property name="file.encoding" value="Cp1252"/>
    <property name="java.vm.name" value="Java HotSpot(TM) 64-Bit Server VM"/>
    <property name="localRepository" value="C:\Users\salsa\.m2\repository"/>
    <property name="java.vendor.url.bug" value="https://bugreport.java.com/bugreport/"/>
    <property name="java.io.tmpdir" value="C:\Users\salsa\AppData\Local\Temp\"/>
    <property name="java.version" value="17.0.10"/>
    <property name="user.dir" value="D:\KULIAH\SEMESTER6\Testing\Week 12 - 13\web-automation-testing"/>
    <property name="os.arch" value="amd64"/>
    <property name="java.vm.specification.name" value="Java Virtual Machine Specification"/>
    <property name="sun.os.patch.level" value=""/>
    <property name="native.encoding" value="Cp1252"/>
    <property name="java.library.path" value="E:\jdk-17\bin;C:\WINDOWS\Sun\Java\bin;C:\WINDOWS\system32;C:\WINDOWS;E:\jdk-17\bin;E:\jdk-17\bin;C:\Program Files\Common Files\Oracle\Java\javapath;E:\oracle\app\oracle\product\11.2.0\server\bin;D:\21c\dbhomeXE\bin;D:\oracledatabase\dbhomeXE\bin;C:\WINDOWS\system32;C:\ghcup\bin;E:\instantclient-basic-nt-11.2.0.4.0\instantclient_11_2;C:\WINDOWS;C:\WINDOWS\System32\Wbem;C:\WINDOWS\System32\WindowsPowerShell\v1.0\;C:\WINDOWS\System32\OpenSSH\;E:\neo4j\bin;E:\Git\cmd;D:\xampp\php;C:\ProgramData\ComposerSetup\bin;D:\nodejs\;E:\PuTTY\;D:\Microsoft Visual Studio\2022\Community\VC\Tools\MSVC\14.37.32822\bin\Hostx64\x64;E:\apache-maven-3.9.6\bin;C:\Program Files\Docker\Docker\resources\bin;C:\Users\salsa\AppData\Local\Programs\Python\Python311\Scripts\;C:\Users\salsa\AppData\Local\Programs\Python\Python311\;C:\Users\salsa\AppData\Local\Microsoft\WindowsApps;E:\Microsoft VS Code\bin;E:\Strawberry\perl\bin;E:\Strawberry\perl\site\bin;C:\Users\salsa\AppData\Roaming\cabal\bin;C:\tools\ghc-9.4.2\bin;C:\ghcup\bin;E:\swipl\bin;E:\mongosh\;C:\Users\salsa\AppData\Roaming\Composer\vendor\bin;C:\Users\salsa\AppData\Roaming\npm;E:\MiKTeX\miktex\bin\x64\;D:\Microsoft Visual Studio\2022\Community\VC\Tools\MSVC\14.37.32822\bin\Hostx64\x64;D:\JetBrains\IntelliJ IDEA 2024.1.1\bin;;."/>
    <property name="java.vm.info" value="mixed mode, sharing"/>
    <property name="java.vendor" value="Oracle Corporation"/>
    <property name="java.vm.version" value="17.0.10+11-LTS-240"/>
    <property name="sun.io.unicode.encoding" value="UnicodeLittle"/>
    <property name="java.class.version" value="61.0"/>
  </properties>
  <testcase name="Login successful with valid credentials" classname="User Login" time="6.437">
    <system-out><![CDATA[
Scenario: Login successful with valid credentials &amp#27;[90m# src/test/resources/swag/login.feature:6&amp#27;[0m
  &amp#27;[32mGiven &amp#27;[0m&amp#27;[32mI am on the login page&amp#27;[0m                    &amp#27;[90m# swag.LoginStep.i_am_on_the_login_page()&amp#27;[0m
Entering username and password...
  &amp#27;[32mWhen &amp#27;[0m&amp#27;[32mI enter my username and password&amp#27;[0m           &amp#27;[90m# swag.LoginStep.i_enter_my_username_and_password()&amp#27;[0m
  &amp#27;[32mAnd &amp#27;[0m&amp#27;[32mI click the login button&amp#27;[0m                    &amp#27;[90m# swag.LoginStep.i_click_the_login_button()&amp#27;[0m
Verifying successful login...
  &amp#27;[32mThen &amp#27;[0m&amp#27;[32mI should be logged in successfully&amp#27;[0m         &amp#27;[90m# swag.LoginStep.i_should_be_logged_in_successfully()&amp#27;[0m
]]></system-out>
    <system-err><![CDATA[Starting ChromeDriver 124.0.6367.201 (46cf136d27d50afd9c618d164a3b95b3b62d0027-refs/branch-heads/6367@{#1130}) on port 30612
Only local connections are allowed.
Please see https://chromedriver.chromium.org/security-considerations for suggestions on keeping ChromeDriver safe.
ChromeDriver was started successfully.
May 12, 2024 7:42:38 PM org.openqa.selenium.remote.ProtocolHandshake createSession
INFO: Detected dialect: W3C
]]></system-err>
  </testcase>
  <testcase name="Login without providing a password" classname="User Login" time="3.219">
    <failure message="Expected error message not found. Found: Epic sadface: Password is required" type="java.lang.AssertionError"><![CDATA[java.lang.AssertionError: Expected error message not found. Found: Epic sadface: Password is required
	at org.junit.Assert.fail(Assert.java:88)
	at org.junit.Assert.assertTrue(Assert.java:41)
	at swag.LoginStep.i_should_see_a_message_saying(LoginStep.java:72)
	at ✽.I should see a message saying "You need Password!"(file:///D:/KULIAH/SEMESTER6/Testing/Week%2012%20-%2013/web-automation-testing/src/test/resources/swag/login.feature:16)
]]></failure>
    <system-out><![CDATA[
Scenario: Login without providing a password              &amp#27;[90m# src/test/resources/swag/login.feature:12&amp#27;[0m
  &amp#27;[32mGiven &amp#27;[0m&amp#27;[32mI am on the login page&amp#27;[0m                            &amp#27;[90m# swag.LoginStep.i_am_on_the_login_page()&amp#27;[0m
  &amp#27;[32mWhen &amp#27;[0m&amp#27;[32mI enter my username but no password&amp#27;[0m                &amp#27;[90m# swag.LoginStep.i_enter_my_username_but_no_password()&amp#27;[0m
  &amp#27;[32mAnd &amp#27;[0m&amp#27;[32mI click the login button&amp#27;[0m                            &amp#27;[90m# swag.LoginStep.i_click_the_login_button()&amp#27;[0m
  &amp#27;[31mThen &amp#27;[0m&amp#27;[31mI should see a message saying &amp#27;[0m&amp#27;[31m&amp#27;[1m"You need Password!"&amp#27;[0m &amp#27;[90m# swag.LoginStep.i_should_see_a_message_saying(java.lang.String)&amp#27;[0m
      &amp#27;[31mjava.lang.AssertionError: Expected error message not found. Found: Epic sadface: Password is required
	at org.junit.Assert.fail(Assert.java:88)
	at org.junit.Assert.assertTrue(Assert.java:41)
	at swag.LoginStep.i_should_see_a_message_saying(LoginStep.java:72)
	at âœ½.I should see a message saying "You need Password!"(file:///D:/KULIAH/SEMESTER6/Testing/Week%2012%20-%2013/web-automation-testing/src/test/resources/swag/login.feature:16)
&amp#27;[0m
]]></system-out>
    <system-err><![CDATA[Starting ChromeDriver 124.0.6367.201 (46cf136d27d50afd9c618d164a3b95b3b62d0027-refs/branch-heads/6367@{#1130}) on port 16937
Only local connections are allowed.
Please see https://chromedriver.chromium.org/security-considerations for suggestions on keeping ChromeDriver safe.
ChromeDriver was started successfully.
May 12, 2024 7:42:44 PM org.openqa.selenium.remote.ProtocolHandshake createSession
INFO: Detected dialect: W3C
]]></system-err>
  </testcase>
  <testcase name="Login without providing username and password" classname="User Login" time="3.091">
    <failure message="Expected error message not found. Found: Epic sadface: Username is required" type="java.lang.AssertionError"><![CDATA[java.lang.AssertionError: Expected error message not found. Found: Epic sadface: Username is required
	at org.junit.Assert.fail(Assert.java:88)
	at org.junit.Assert.assertTrue(Assert.java:41)
	at swag.LoginStep.i_should_see_a_message_saying(LoginStep.java:72)
	at ✽.I should see a message saying "You need Username & Password!"(file:///D:/KULIAH/SEMESTER6/Testing/Week%2012%20-%2013/web-automation-testing/src/test/resources/swag/login.feature:21)
]]></failure>
    <system-out><![CDATA[
Scenario: Login without providing username and password              &amp#27;[90m# src/test/resources/swag/login.feature:18&amp#27;[0m
  &amp#27;[32mGiven &amp#27;[0m&amp#27;[32mI am on the login page&amp#27;[0m                                       &amp#27;[90m# swag.LoginStep.i_am_on_the_login_page()&amp#27;[0m
  &amp#27;[32mWhen &amp#27;[0m&amp#27;[32mI click the login button without entering credentials&amp#27;[0m         &amp#27;[90m# swag.LoginStep.i_click_the_login_button_without_entering_credentials()&amp#27;[0m
  &amp#27;[31mThen &amp#27;[0m&amp#27;[31mI should see a message saying &amp#27;[0m&amp#27;[31m&amp#27;[1m"You need Username & Password!"&amp#27;[0m &amp#27;[90m# swag.LoginStep.i_should_see_a_message_saying(java.lang.String)&amp#27;[0m
      &amp#27;[31mjava.lang.AssertionError: Expected error message not found. Found: Epic sadface: Username is required
	at org.junit.Assert.fail(Assert.java:88)
	at org.junit.Assert.assertTrue(Assert.java:41)
	at swag.LoginStep.i_should_see_a_message_saying(LoginStep.java:72)
	at âœ½.I should see a message saying "You need Username & Password!"(file:///D:/KULIAH/SEMESTER6/Testing/Week%2012%20-%2013/web-automation-testing/src/test/resources/swag/login.feature:21)
&amp#27;[0m
]]></system-out>
    <system-err><![CDATA[Starting ChromeDriver 124.0.6367.201 (46cf136d27d50afd9c618d164a3b95b3b62d0027-refs/branch-heads/6367@{#1130}) on port 50189
Only local connections are allowed.
Please see https://chromedriver.chromium.org/security-considerations for suggestions on keeping ChromeDriver safe.
ChromeDriver was started successfully.
May 12, 2024 7:42:47 PM org.openqa.selenium.remote.ProtocolHandshake createSession
INFO: Detected dialect: W3C
]]></system-err>
  </testcase>
</testsuite>